[Info  - 19:18:23.753] Reading sessions from keychain...
[Info  - 19:18:23.765] Getting sessions for all scopes...
[Info  - 19:18:23.768] Getting sessions for repo,workflow...
[Info  - 19:18:23.768] Got 0 sessions for all scopes...
[Info  - 19:18:23.768] Got 0 sessions for repo,workflow...
[Info  - 19:18:26.566] Logging in for the following scopes: repo workflow
[Trace  - 19:18:40.309] Handling Uri...
[Info  - 19:18:40.309] Exchanging code for token...
[Info  - 19:18:40.918] Token exchange success!
[Info  - 19:18:40.919] Getting user info...
[Info  - 19:18:41.190] Got account info!
[Info  - 19:18:41.191] Storing 1 sessions...
[Info  - 19:18:41.194] Reading sessions from keychain...
[Info  - 19:18:41.195] Stored 1 sessions!
[Info  - 19:18:41.195] Login success!
[Trace  - 19:18:41.200] Token acquired from secret storage.
[Info  - 19:18:41.201] Got stored sessions!
[Trace  - 19:18:41.201] Read the following session from the keychain with the following scopes: repo,workflow
[Info  - 19:18:41.201] Got 1 verified sessions.
[Info  - 19:18:46.281] Getting sessions for repo,workflow...
[Info  - 19:18:46.281] Got 1 sessions for repo,workflow...
[Info  - 19:19:12.860] Getting sessions for repo,workflow...
[Info  - 19:19:12.861] Got 1 sessions for repo,workflow...
